TN:
SF:/Code/cse100_pa1/src/bst/BST.hpp
FN:29,_ZN3BSTISsEC2Ev
FN:29,_ZN3BSTIiEC2Ev
FN:32,_ZN3BSTIiED0Ev
FN:32,_ZN3BSTIiED2Ev
FN:32,_ZN3BSTISsED2Ev
FN:32,_ZN3BSTISsED0Ev
FN:35,_ZN3BSTISsE6insertERKSs
FN:35,_ZN3BSTIiE6insertERKi
FN:40,_ZNK3BSTIiE4findERKi
FN:40,_ZNK3BSTISsE4findERKSs
FN:43,_ZNK3BSTIiE4sizeEv
FN:43,_ZNK3BSTISsE4sizeEv
FN:46,_ZNK3BSTISsE6heightEv
FN:46,_ZNK3BSTIiE6heightEv
FN:49,_ZNK3BSTISsE5emptyEv
FN:49,_ZNK3BSTIiE5emptyEv
FN:52,_ZNK3BSTIiE5beginEv
FN:52,_ZNK3BSTISsE5beginEv
FN:56,_ZNK3BSTISsE3endEv
FN:56,_ZNK3BSTIiE3endEv
FN:59,_ZNK3BSTISsE7inorderEv
FN:59,_ZNK3BSTIiE7inorderEv
FN:66,_ZNK3BSTIiE6heightEP7BSTNodeIiE
FN:66,_ZNK3BSTISsE6heightEP7BSTNodeISsE
FN:75,_ZNK3BSTIiE7inorderEP7BSTNodeIiERSt6vectorIiSaIiEE
FN:75,_ZNK3BSTISsE7inorderEP7BSTNodeISsERSt6vectorISsSaISsEE
FN:82,_ZN3BSTISsE6insertEPP7BSTNodeISsERKSsS3_
FN:82,_ZN3BSTIiE6insertEPP7BSTNodeIiERKiS3_
FN:103,_ZNK3BSTISsE4findEP7BSTNodeISsERKSs
FN:103,_ZNK3BSTIiE4findEP7BSTNodeIiERKi
FN:114,_ZN3BSTISsE5firstEP7BSTNodeISsE
FN:114,_ZN3BSTIiE5firstEP7BSTNodeIiE
FN:122,_ZN3BSTIiE9deleteAllEP7BSTNodeIiE
FN:122,_ZN3BSTISsE9deleteAllEP7BSTNodeISsE
FNDA:0,_ZN3BSTIiED0Ev
FNDA:0,_ZNK3BSTISsE4findEP7BSTNodeISsERKSs
FNDA:10,_ZNK3BSTIiE4findEP7BSTNodeIiERKi
FNDA:9,_ZN3BSTIiED2Ev
FNDA:18,_ZNK3BSTIiE6heightEP7BSTNodeIiE
FNDA:75,_ZN3BSTIiE9deleteAllEP7BSTNodeIiE
FNDA:0,_ZNK3BSTISsE7inorderEv
FNDA:0,_ZNK3BSTISsE3endEv
FNDA:0,_ZN3BSTISsE5firstEP7BSTNodeISsE
FNDA:0,_ZN3BSTISsE6insertERKSs
FNDA:1,_ZNK3BSTIiE4sizeEv
FNDA:0,_ZNK3BSTISsE5emptyEv
FNDA:3,_ZNK3BSTIiE5beginEv
FNDA:0,_ZN3BSTISsE9deleteAllEP7BSTNodeISsE
FNDA:3,_ZN3BSTIiE5firstEP7BSTNodeIiE
FNDA:1,_ZNK3BSTIiE5emptyEv
FNDA:0,_ZNK3BSTISsE5beginEv
FNDA:0,_ZNK3BSTISsE6heightEv
FNDA:1,_ZNK3BSTIiE7inorderEv
FNDA:0,_ZN3BSTISsE6insertEPP7BSTNodeISsERKSsS3_
FNDA:34,_ZN3BSTIiE6insertERKi
FNDA:4,_ZNK3BSTIiE4findERKi
FNDA:14,_ZNK3BSTIiE3endEv
FNDA:2,_ZNK3BSTIiE6heightEv
FNDA:0,_ZNK3BSTISsE4findERKSs
FNDA:94,_ZN3BSTIiE6insertEPP7BSTNodeIiERKiS3_
FNDA:17,_ZNK3BSTIiE7inorderEP7BSTNodeIiERSt6vectorIiSaIiEE
FNDA:0,_ZN3BSTISsEC2Ev
FNDA:0,_ZN3BSTISsED2Ev
FNDA:9,_ZN3BSTIiEC2Ev
FNDA:0,_ZNK3BSTISsE6heightEP7BSTNodeISsE
FNDA:0,_ZNK3BSTISsE7inorderEP7BSTNodeISsERSt6vectorISsSaISsEE
FNDA:0,_ZNK3BSTISsE4sizeEv
FNDA:0,_ZN3BSTISsED0Ev
FNF:34
FNH:16
BRDA:61,4294967295,1,1
BRDA:61,4294967295,2,0
BRDA:67,0,0,10
BRDA:67,0,1,8
BRDA:70,4294967295,0,3
BRDA:70,4294967295,1,5
BRDA:76,0,0,9
BRDA:76,0,1,8
BRDA:85,0,0,33
BRDA:85,0,1,61
BRDA:88,4294967295,0,29
BRDA:88,4294967295,1,4
BRDA:95,0,0,26
BRDA:95,0,1,35
BRDA:97,0,0,34
BRDA:97,0,1,1
BRDA:104,0,0,0
BRDA:104,0,1,10
BRDA:106,0,0,3
BRDA:106,0,1,7
BRDA:108,0,0,3
BRDA:108,0,1,4
BRDA:116,0,0,0
BRDA:116,0,1,3
BRDA:117,0,0,9
BRDA:117,0,1,3
BRDA:123,0,0,42
BRDA:123,0,1,33
BRF:28
BRH:25
DA:29,9
DA:32,18
DA:35,34
DA:36,34
DA:40,8
DA:43,2
DA:46,4
DA:49,2
DA:52,6
DA:56,28
DA:59,1
DA:60,1
DA:61,1
DA:62,1
DA:66,18
DA:67,18
DA:68,8
DA:69,8
DA:70,8
DA:71,3
DA:73,5
DA:75,17
DA:76,17
DA:77,8
DA:78,8
DA:79,8
DA:82,94
DA:84,94
DA:85,94
DA:86,33
DA:88,33
DA:90,33
DA:93,33
DA:95,61
DA:96,26
DA:97,35
DA:98,34
DA:100,1
DA:103,10
DA:104,10
DA:105,0
DA:106,10
DA:107,3
DA:108,7
DA:109,3
DA:111,4
DA:114,3
DA:115,3
DA:116,3
DA:117,12
DA:118,3
DA:122,75
DA:123,75
DA:124,33
DA:125,33
DA:126,33
LF:56
LH:55
end_of_record
TN:
SF:/Code/cse100_pa1/src/bst/BSTIterator.hpp
FN:17,_ZN11BSTIteratorIiEC2EP7BSTNodeIiE
FN:17,_ZN11BSTIteratorISsEC2EP7BSTNodeISsE
FN:20,_ZNK11BSTIteratorISsEdeEv
FN:20,_ZNK11BSTIteratorIiEdeEv
FN:23,_ZN11BSTIteratorISsEppEv
FN:23,_ZN11BSTIteratorIiEppEv
FN:29,_ZN11BSTIteratorIiEppEi
FN:29,_ZN11BSTIteratorISsEppEi
FN:36,_ZNK11BSTIteratorIiEeqERKS0_
FN:36,_ZNK11BSTIteratorISsEeqERKS0_
FN:41,_ZNK11BSTIteratorISsEneERKS0_
FN:41,_ZNK11BSTIteratorIiEneERKS0_
FNDA:25,_ZN11BSTIteratorIiEC2EP7BSTNodeIiE
FNDA:0,_ZN11BSTIteratorISsEppEv
FNDA:0,_ZNK11BSTIteratorISsEneERKS0_
FNDA:1,_ZNK11BSTIteratorIiEeqERKS0_
FNDA:1,_ZN11BSTIteratorIiEppEi
FNDA:0,_ZN11BSTIteratorISsEppEi
FNDA:0,_ZN11BSTIteratorISsEC2EP7BSTNodeISsE
FNDA:0,_ZNK11BSTIteratorISsEdeEv
FNDA:15,_ZNK11BSTIteratorIiEneERKS0_
FNDA:9,_ZNK11BSTIteratorIiEdeEv
FNDA:9,_ZN11BSTIteratorIiEppEv
FNDA:0,_ZNK11BSTIteratorISsEeqERKS0_
FNF:12
FNH:6
BRDA:31,4294967295,1,1
BRDA:31,4294967295,2,0
BRF:2
BRH:1
DA:17,25
DA:20,18
DA:23,9
DA:24,9
DA:25,9
DA:29,1
DA:30,1
DA:31,1
DA:32,1
DA:36,1
DA:37,1
DA:41,15
DA:42,15
LF:13
LH:13
end_of_record
TN:
SF:/Code/cse100_pa1/src/bst/BSTNode.hpp
FN:9,_ZN7BSTNodeISsED2Ev
FN:17,_ZN7BSTNodeISsEC2ERKSs
FN:17,_ZN7BSTNodeIiEC2ERKi
FN:20,_ZN7BSTNodeIiE9successorEv
FN:20,_ZN7BSTNodeISsE9successorEv
FNDA:0,_ZN7BSTNodeISsEC2ERKSs
FNDA:0,_ZN7BSTNodeISsED2Ev
FNDA:10,_ZN7BSTNodeIiE9successorEv
FNDA:0,_ZN7BSTNodeISsE9successorEv
FNDA:35,_ZN7BSTNodeIiEC2ERKi
FNF:5
FNH:2
BRDA:23,0,0,3
BRDA:23,0,1,7
BRDA:25,0,0,4
BRDA:25,0,1,0
BRDA:25,1,2,1
BRDA:25,1,3,3
BRDA:28,0,0,7
BRDA:28,0,1,3
BRDA:28,1,2,3
BRDA:28,1,3,4
BRF:10
BRH:9
DA:9,0
DA:17,35
DA:20,10
DA:21,10
DA:23,10
DA:24,3
DA:25,4
DA:27,7
DA:28,10
DA:30,10
LF:10
LH:9
end_of_record
TN:
SF:/Code/cse100_pa1/src/kdt/KDT.hpp
FN:15,_ZN3KDT6KDNodeD2Ev
FN:21,_ZN3KDT6KDNodeC2E5Point
FN:48,_ZN3KDTC2Ev
FN:56,_ZN3KDTD2Ev
FN:56,_ZN3KDTD0Ev
FN:59,_ZN3KDT5buildERSt6vectorI5PointSaIS1_EE
FN:64,_ZN3KDT19findNearestNeighborER5Point
FN:71,_ZN3KDT11rangeSearchERSt6vectorISt4pairIddESaIS2_EE
FN:76,_ZNK3KDT4sizeEv
FN:79,_ZNK3KDT6heightEv
FN:83,_ZN3KDT12buildSubtreeERSt6vectorI5PointSaIS1_EEjjji
FN:107,_ZN3KDT12findNNHelperEPNS_6KDNodeER5Pointj
FN:142,_ZN3KDT9deleteAllEPNS_6KDNodeE
FN:150,_ZN3KDT15updateThresholdEPNS_6KDNodeER5Point
FN:158,_ZN3KDT14calDistToQueryEPNS_6KDNodeER5Point
FNDA:20,_ZN3KDT6KDNodeC2E5Point
FNDA:3,_ZN3KDT19findNearestNeighborER5Point
FNDA:4,_ZN3KDTC2Ev
FNDA:0,_ZN3KDT11rangeSearchERSt6vectorISt4pairIddESaIS2_EE
FNDA:4,_ZN3KDTD2Ev
FNDA:0,_ZN3KDTD0Ev
FNDA:1,_ZNK3KDT4sizeEv
FNDA:7,_ZN3KDT14calDistToQueryEPNS_6KDNodeER5Point
FNDA:44,_ZN3KDT9deleteAllEPNS_6KDNodeE
FNDA:7,_ZN3KDT15updateThresholdEPNS_6KDNodeER5Point
FNDA:9,_ZN3KDT12findNNHelperEPNS_6KDNodeER5Pointj
FNDA:28,_ZN3KDT12buildSubtreeERSt6vectorI5PointSaIS1_EEjjji
FNDA:4,_ZN3KDT5buildERSt6vectorI5PointSaIS1_EE
FNDA:5,_ZNK3KDT6heightEv
FNDA:20,_ZN3KDT6KDNodeD2Ev
FNF:15
FNH:13
BRDA:85,0,1,8
BRDA:85,0,2,20
BRDA:86,0,1,8
BRDA:86,0,2,12
BRDA:88,0,0,4
BRDA:88,0,1,4
BRDA:89,0,2,8
BRDA:89,0,3,0
BRDA:89,1,5,8
BRDA:89,1,6,0
BRDA:89,2,8,8
BRDA:89,2,9,0
BRDA:91,0,4,12
BRDA:91,0,5,0
BRDA:93,4294967295,5,12
BRDA:93,4294967295,6,0
BRDA:94,4294967295,6,12
BRDA:94,4294967295,7,0
BRDA:96,4294967295,1,12
BRDA:96,4294967295,2,0
BRDA:98,0,1,12
BRDA:98,0,2,0
BRDA:99,0,2,12
BRDA:99,0,3,0
BRDA:99,1,5,12
BRDA:99,1,6,0
BRDA:99,2,8,12
BRDA:99,2,9,0
BRDA:110,0,2,5
BRDA:110,0,3,4
BRDA:112,0,0,4
BRDA:112,0,1,1
BRDA:118,4294967295,0,1
BRDA:118,4294967295,1,4
BRDA:122,4294967295,0,0
BRDA:122,4294967295,1,1
BRDA:126,0,0,1
BRDA:126,0,1,3
BRDA:131,4294967295,0,2
BRDA:131,4294967295,1,2
BRDA:135,4294967295,0,1
BRDA:135,4294967295,1,1
BRDA:143,0,0,24
BRDA:143,0,1,20
BRDA:146,4294967295,0,20
BRDA:146,4294967295,1,0
BRDA:152,4294967295,0,3
BRDA:152,4294967295,1,4
BRDA:160,1,0,14
BRDA:160,1,1,7
BRF:50
BRH:37
DA:15,40
DA:21,40
DA:48,4
DA:49,4
DA:51,4
DA:53,4
DA:56,8
DA:59,4
DA:60,4
DA:61,4
DA:64,3
DA:65,3
DA:66,3
DA:67,3
DA:71,0
DA:72,0
DA:76,2
DA:79,10
DA:83,28
DA:85,28
DA:86,20
DA:87,8
DA:88,8
DA:89,8
DA:91,12
DA:92,12
DA:93,40
DA:94,24
DA:96,12
DA:97,24
DA:98,12
DA:99,12
DA:100,12
DA:101,12
DA:102,12
DA:103,12
DA:107,9
DA:110,9
DA:112,5
DA:113,4
DA:115,1
DA:118,5
DA:119,5
DA:121,1
DA:122,1
DA:123,0
DA:126,4
DA:127,1
DA:129,3
DA:131,4
DA:132,4
DA:134,2
DA:135,2
DA:136,1
DA:139,9
DA:142,44
DA:143,44
DA:144,20
DA:145,20
DA:146,20
DA:150,7
DA:151,7
DA:152,7
DA:153,3
DA:154,3
DA:155,3
DA:157,7
DA:158,7
DA:159,7
DA:160,21
DA:161,14
DA:162,14
DA:164,7
LF:73
LH:70
end_of_record
TN:
SF:/Code/cse100_pa1/src/kdt/Point.hpp
FN:15,_ZN5PointaSERKS_
FN:15,_ZN5PointC2ERKS_
FN:15,_ZN5PointaSEOS_
FN:15,_ZN5PointC2EOS_
FN:15,_ZN5PointD2Ev
FN:29,_ZN5PointC2Ev
FN:32,_ZN5PointC2ESt6vectorIdSaIdEE
FN:36,_ZN5Point14setDistToQueryERKS_
FN:45,_ZN5Point7valueAtEi
FN:48,_ZNK5PointeqERKS_
FN:59,_ZNK5PointneERKS_
FN:63,_ZlsRSoRK5Point
FN:77,_ZN14CompareValueAtC2Ei
FN:78,_ZN14CompareValueAtclERK5PointS2_
FNDA:12,_ZN14CompareValueAtC2Ei
FNDA:2,_ZNK5PointneERKS_
FNDA:30,_ZN5PointC2ESt6vectorIdSaIdEE
FNDA:56,_ZN14CompareValueAtclERK5PointS2_
FNDA:1,_ZN5Point7valueAtEi
FNDA:12,_ZN5PointaSERKS_
FNDA:5,_ZN5PointC2Ev
FNDA:6,_ZNK5PointeqERKS_
FNDA:69,_ZN5PointC2ERKS_
FNDA:40,_ZN5PointaSEOS_
FNDA:1,_ZlsRSoRK5Point
FNDA:72,_ZN5PointC2EOS_
FNDA:176,_ZN5PointD2Ev
FNDA:22,_ZN5Point14setDistToQueryERKS_
FNF:14
FNH:14
BRDA:38,1,0,46
BRDA:38,1,1,22
BRDA:49,0,0,1
BRDA:49,0,1,5
BRDA:50,1,0,9
BRDA:50,1,1,4
BRDA:51,0,3,1
BRDA:51,0,4,8
BRDA:64,0,2,1
BRDA:64,0,3,0
BRDA:65,0,0,1
BRDA:65,0,1,1
BRDA:66,0,2,1
BRDA:66,0,3,0
BRDA:66,1,5,1
BRDA:66,1,6,0
BRDA:66,2,8,1
BRDA:66,2,9,0
BRDA:68,0,2,1
BRDA:68,0,3,0
BRDA:68,1,5,1
BRDA:68,1,6,0
BRDA:68,2,8,1
BRDA:68,2,9,0
BRDA:69,4294967295,1,1
BRDA:69,4294967295,2,0
BRF:26
BRH:18
DA:15,738
DA:29,10
DA:32,30
DA:33,30
DA:36,22
DA:37,22
DA:38,68
DA:39,46
DA:41,22
DA:42,22
DA:45,2
DA:48,6
DA:49,6
DA:50,13
DA:51,9
DA:52,1
DA:55,4
DA:59,4
DA:63,1
DA:64,2
DA:65,2
DA:66,1
DA:68,1
DA:69,1
DA:70,1
DA:77,12
DA:78,56
DA:79,56
LF:28
LH:28
end_of_record
