TN:
SF:/Code/cse100_pa1/src/bst/BST.hpp
FN:29,_ZN3BSTISsEC2Ev
FN:29,_ZN3BSTIiEC2Ev
FN:32,_ZN3BSTIiED0Ev
FN:32,_ZN3BSTIiED2Ev
FN:32,_ZN3BSTISsED2Ev
FN:32,_ZN3BSTISsED0Ev
FN:35,_ZN3BSTISsE6insertERKSs
FN:35,_ZN3BSTIiE6insertERKi
FN:40,_ZNK3BSTIiE4findERKi
FN:40,_ZNK3BSTISsE4findERKSs
FN:43,_ZNK3BSTIiE4sizeEv
FN:43,_ZNK3BSTISsE4sizeEv
FN:46,_ZNK3BSTISsE6heightEv
FN:46,_ZNK3BSTIiE6heightEv
FN:49,_ZNK3BSTISsE5emptyEv
FN:49,_ZNK3BSTIiE5emptyEv
FN:52,_ZNK3BSTIiE5beginEv
FN:52,_ZNK3BSTISsE5beginEv
FN:56,_ZNK3BSTISsE3endEv
FN:56,_ZNK3BSTIiE3endEv
FN:59,_ZNK3BSTISsE7inorderEv
FN:59,_ZNK3BSTIiE7inorderEv
FN:66,_ZNK3BSTIiE6heightEP7BSTNodeIiE
FN:66,_ZNK3BSTISsE6heightEP7BSTNodeISsE
FN:75,_ZNK3BSTIiE7inorderEP7BSTNodeIiERSt6vectorIiSaIiEE
FN:75,_ZNK3BSTISsE7inorderEP7BSTNodeISsERSt6vectorISsSaISsEE
FN:82,_ZN3BSTISsE6insertEPP7BSTNodeISsERKSsS3_
FN:82,_ZN3BSTIiE6insertEPP7BSTNodeIiERKiS3_
FN:103,_ZNK3BSTISsE4findEP7BSTNodeISsERKSs
FN:103,_ZNK3BSTIiE4findEP7BSTNodeIiERKi
FN:114,_ZN3BSTISsE5firstEP7BSTNodeISsE
FN:114,_ZN3BSTIiE5firstEP7BSTNodeIiE
FN:121,_ZN3BSTIiE9deleteAllEP7BSTNodeIiE
FN:121,_ZN3BSTISsE9deleteAllEP7BSTNodeISsE
FNDA:0,_ZN3BSTIiED0Ev
FNDA:0,_ZNK3BSTISsE4findEP7BSTNodeISsERKSs
FNDA:10,_ZNK3BSTIiE4findEP7BSTNodeIiERKi
FNDA:5,_ZN3BSTIiED2Ev
FNDA:12,_ZNK3BSTIiE6heightEP7BSTNodeIiE
FNDA:47,_ZN3BSTIiE9deleteAllEP7BSTNodeIiE
FNDA:0,_ZNK3BSTISsE7inorderEv
FNDA:0,_ZNK3BSTISsE3endEv
FNDA:0,_ZN3BSTISsE5firstEP7BSTNodeISsE
FNDA:0,_ZN3BSTISsE6insertERKSs
FNDA:1,_ZNK3BSTIiE4sizeEv
FNDA:0,_ZNK3BSTISsE5emptyEv
FNDA:2,_ZNK3BSTIiE5beginEv
FNDA:0,_ZN3BSTISsE9deleteAllEP7BSTNodeISsE
FNDA:2,_ZN3BSTIiE5firstEP7BSTNodeIiE
FNDA:1,_ZNK3BSTIiE5emptyEv
FNDA:0,_ZNK3BSTISsE5beginEv
FNDA:0,_ZNK3BSTISsE6heightEv
FNDA:1,_ZNK3BSTIiE7inorderEv
FNDA:0,_ZN3BSTISsE6insertEPP7BSTNodeISsERKSsS3_
FNDA:22,_ZN3BSTIiE6insertERKi
FNDA:4,_ZNK3BSTIiE4findERKi
FNDA:6,_ZNK3BSTIiE3endEv
FNDA:2,_ZNK3BSTIiE6heightEv
FNDA:0,_ZNK3BSTISsE4findERKSs
FNDA:49,_ZN3BSTIiE6insertEPP7BSTNodeIiERKiS3_
FNDA:11,_ZNK3BSTIiE7inorderEP7BSTNodeIiERSt6vectorIiSaIiEE
FNDA:0,_ZN3BSTISsEC2Ev
FNDA:0,_ZN3BSTISsED2Ev
FNDA:5,_ZN3BSTIiEC2Ev
FNDA:0,_ZNK3BSTISsE6heightEP7BSTNodeISsE
FNDA:0,_ZNK3BSTISsE7inorderEP7BSTNodeISsERSt6vectorISsSaISsEE
FNDA:0,_ZNK3BSTISsE4sizeEv
FNDA:0,_ZN3BSTISsED0Ev
FNF:34
FNH:16
BRDA:61,4294967295,1,1
BRDA:61,4294967295,2,0
BRDA:67,0,0,7
BRDA:67,0,1,5
BRDA:70,4294967295,0,1
BRDA:70,4294967295,1,4
BRDA:76,0,0,6
BRDA:76,0,1,5
BRDA:85,0,0,21
BRDA:85,0,1,28
BRDA:88,4294967295,0,17
BRDA:88,4294967295,1,4
BRDA:95,0,0,14
BRDA:95,0,1,14
BRDA:97,0,0,13
BRDA:97,0,1,1
BRDA:104,0,0,1
BRDA:104,0,1,9
BRDA:106,0,0,3
BRDA:106,0,1,6
BRDA:108,0,0,3
BRDA:108,0,1,3
BRDA:116,0,0,4
BRDA:116,0,1,2
BRDA:122,0,0,26
BRDA:122,0,1,21
BRF:26
BRH:25
DA:29,5
DA:32,10
DA:35,22
DA:36,22
DA:40,8
DA:43,2
DA:46,4
DA:49,2
DA:52,4
DA:56,12
DA:59,1
DA:60,1
DA:61,1
DA:62,1
DA:66,12
DA:67,12
DA:68,5
DA:69,5
DA:70,5
DA:71,1
DA:73,4
DA:75,11
DA:76,11
DA:77,5
DA:78,5
DA:79,5
DA:82,49
DA:84,49
DA:85,49
DA:86,21
DA:88,21
DA:90,21
DA:93,21
DA:95,28
DA:96,14
DA:97,14
DA:98,13
DA:100,1
DA:103,10
DA:104,10
DA:105,1
DA:106,9
DA:107,3
DA:108,6
DA:109,3
DA:111,3
DA:114,2
DA:115,2
DA:116,6
DA:117,2
DA:121,47
DA:122,47
DA:123,21
DA:124,21
DA:125,21
LF:55
LH:55
end_of_record
TN:
SF:/Code/cse100_pa1/src/bst/BSTIterator.hpp
FN:17,_ZN11BSTIteratorIiEC2EP7BSTNodeIiE
FN:17,_ZN11BSTIteratorISsEC2EP7BSTNodeISsE
FN:20,_ZNK11BSTIteratorISsEdeEv
FN:20,_ZNK11BSTIteratorIiEdeEv
FN:23,_ZN11BSTIteratorISsEppEv
FN:23,_ZN11BSTIteratorIiEppEv
FN:29,_ZN11BSTIteratorIiEppEi
FN:29,_ZN11BSTIteratorISsEppEi
FN:36,_ZNK11BSTIteratorIiEeqERKS0_
FN:36,_ZNK11BSTIteratorISsEeqERKS0_
FN:41,_ZNK11BSTIteratorISsEneERKS0_
FN:41,_ZNK11BSTIteratorIiEneERKS0_
FNDA:15,_ZN11BSTIteratorIiEC2EP7BSTNodeIiE
FNDA:0,_ZN11BSTIteratorISsEppEv
FNDA:0,_ZNK11BSTIteratorISsEneERKS0_
FNDA:2,_ZNK11BSTIteratorIiEeqERKS0_
FNDA:1,_ZN11BSTIteratorIiEppEi
FNDA:0,_ZN11BSTIteratorISsEppEi
FNDA:0,_ZN11BSTIteratorISsEC2EP7BSTNodeISsE
FNDA:0,_ZNK11BSTIteratorISsEdeEv
FNDA:5,_ZNK11BSTIteratorIiEneERKS0_
FNDA:1,_ZNK11BSTIteratorIiEdeEv
FNDA:1,_ZN11BSTIteratorIiEppEv
FNDA:0,_ZNK11BSTIteratorISsEeqERKS0_
FNF:12
FNH:6
BRDA:31,4294967295,1,1
BRDA:31,4294967295,2,0
BRF:2
BRH:1
DA:17,15
DA:20,2
DA:23,1
DA:24,1
DA:25,1
DA:29,1
DA:30,1
DA:31,1
DA:32,1
DA:36,2
DA:37,2
DA:41,5
DA:42,5
LF:13
LH:13
end_of_record
TN:
SF:/Code/cse100_pa1/src/bst/BSTNode.hpp
FN:9,_ZN7BSTNodeISsED2Ev
FN:17,_ZN7BSTNodeIiEC2ERKi
FN:17,_ZN7BSTNodeISsEC2ERKSs
FN:20,_ZN7BSTNodeIiE9successorEv
FN:20,_ZN7BSTNodeISsE9successorEv
FN:31,_ZN7BSTNodeISsE7minNodeEPS0_
FN:31,_ZN7BSTNodeIiE7minNodeEPS0_
FN:36,_ZN7BSTNodeISsE11rightBranchEPS0_
FN:36,_ZN7BSTNodeIiE11rightBranchEPS0_
FNDA:0,_ZN7BSTNodeISsED2Ev
FNDA:0,_ZN7BSTNodeISsE11rightBranchEPS0_
FNDA:0,_ZN7BSTNodeISsE7minNodeEPS0_
FNDA:2,_ZN7BSTNodeIiE9successorEv
FNDA:23,_ZN7BSTNodeIiEC2ERKi
FNDA:0,_ZN7BSTNodeISsEC2ERKSs
FNDA:0,_ZN7BSTNodeIiE11rightBranchEPS0_
FNDA:0,_ZN7BSTNodeIiE7minNodeEPS0_
FNDA:0,_ZN7BSTNodeISsE9successorEv
FNF:9
FNH:2
BRDA:21,0,0,2
BRDA:21,0,1,0
BRDA:24,0,0,-
BRDA:24,0,1,-
BRDA:33,0,0,-
BRDA:33,0,1,-
BRDA:38,0,0,-
BRDA:38,0,1,-
BRDA:39,0,0,-
BRDA:39,0,1,-
BRF:10
BRH:1
DA:9,0
DA:17,23
DA:20,2
DA:21,2
DA:22,2
DA:24,0
DA:25,0
DA:27,0
DA:28,0
DA:31,0
DA:32,0
DA:33,0
DA:34,0
DA:36,0
DA:37,0
DA:38,0
DA:39,0
DA:40,0
DA:42,0
DA:43,0
LF:20
LH:4
end_of_record
TN:
SF:/Code/cse100_pa1/src/kdt/KDT.hpp
FN:48,_ZN3KDTC2Ev
FN:56,_ZN3KDTD2Ev
FN:56,_ZN3KDTD0Ev
FN:59,_ZN3KDT5buildERSt6vectorI5PointSaIS1_EE
FN:62,_ZN3KDT19findNearestNeighborER5Point
FN:65,_ZN3KDT11rangeSearchERSt6vectorISt4pairIddESaIS2_EE
FN:70,_ZNK3KDT4sizeEv
FN:73,_ZNK3KDT6heightEv
FN:91,_ZN3KDT9deleteAllEPNS_6KDNodeE
FNDA:0,_ZN3KDT19findNearestNeighborER5Point
FNDA:0,_ZN3KDTC2Ev
FNDA:0,_ZN3KDT11rangeSearchERSt6vectorISt4pairIddESaIS2_EE
FNDA:0,_ZN3KDTD2Ev
FNDA:0,_ZN3KDTD0Ev
FNDA:0,_ZNK3KDT4sizeEv
FNDA:0,_ZN3KDT9deleteAllEPNS_6KDNodeE
FNDA:0,_ZN3KDT5buildERSt6vectorI5PointSaIS1_EE
FNDA:0,_ZNK3KDT6heightEv
FNF:9
FNH:0
DA:48,0
DA:49,0
DA:51,0
DA:53,0
DA:56,0
DA:59,0
DA:62,0
DA:65,0
DA:66,0
DA:70,0
DA:73,0
DA:91,0
LF:12
LH:0
end_of_record
TN:
SF:/Code/cse100_pa1/src/kdt/Point.hpp
FN:15,_ZN5PointaSERKS_
FN:15,_ZN5PointC2ERKS_
FN:15,_ZN5PointC2EOS_
FN:15,_ZN5PointD2Ev
FN:29,_ZN5PointC2Ev
FN:32,_ZN5PointC2ESt6vectorIdSaIdEE
FN:36,_ZN5Point14setDistToQueryERKS_
FN:48,_ZNK5PointeqERKS_
FN:59,_ZNK5PointneERKS_
FN:63,_ZlsRSoRK5Point
FNDA:1,_ZNK5PointneERKS_
FNDA:4,_ZN5PointC2ESt6vectorIdSaIdEE
FNDA:0,_ZN5PointaSERKS_
FNDA:0,_ZN5PointC2Ev
FNDA:1,_ZNK5PointeqERKS_
FNDA:0,_ZN5PointC2ERKS_
FNDA:0,_ZlsRSoRK5Point
FNDA:0,_ZN5PointC2EOS_
FNDA:4,_ZN5PointD2Ev
FNDA:1,_ZN5Point14setDistToQueryERKS_
FNF:10
FNH:5
BRDA:38,1,0,4
BRDA:38,1,1,1
BRDA:49,0,0,1
BRDA:49,0,1,0
BRDA:50,1,0,-
BRDA:50,1,1,-
BRDA:51,0,3,-
BRDA:51,0,4,-
BRDA:64,0,2,-
BRDA:64,0,3,-
BRDA:65,0,0,-
BRDA:65,0,1,-
BRDA:66,0,2,-
BRDA:66,0,3,-
BRDA:66,1,5,-
BRDA:66,1,6,-
BRDA:66,2,8,-
BRDA:66,2,9,-
BRDA:68,0,2,-
BRDA:68,0,3,-
BRDA:68,1,5,-
BRDA:68,1,6,-
BRDA:68,2,8,-
BRDA:68,2,9,-
BRDA:69,4294967295,1,-
BRDA:69,4294967295,2,-
BRF:26
BRH:3
DA:15,8
DA:29,0
DA:32,4
DA:33,4
DA:36,1
DA:37,1
DA:38,5
DA:39,4
DA:41,1
DA:42,1
DA:48,1
DA:49,1
DA:50,0
DA:51,0
DA:52,0
DA:55,0
DA:59,2
DA:63,0
DA:64,0
DA:65,0
DA:66,0
DA:68,0
DA:69,0
DA:70,0
LF:24
LH:12
end_of_record
